<?xml version="1.0" encoding="UTF-8"?>
<coverage generated="1643788067785" clover="3.2.0">
  <project timestamp="1643788067785" name="All files">
    <metrics statements="89" coveredstatements="66" conditionals="31" coveredconditionals="24" methods="43" coveredmethods="21" elements="163" coveredelements="111" complexity="0" loc="89" ncloc="89" packages="5" files="6" classes="6"/>
    <package name="jest">
      <metrics statements="3" coveredstatements="3" conditionals="2" coveredconditionals="2" methods="2" coveredmethods="2"/>
      <file name="test-utils.js" path="/Volumes/T7/Apps/deviceList/jest/test-utils.js">
        <metrics statements="3" coveredstatements="3" conditionals="2" coveredconditionals="2" methods="2" coveredmethods="2"/>
        <line num="11" count="12" type="stmt"/>
        <line num="17" count="12" type="stmt"/>
        <line num="25" count="12" type="stmt"/>
      </file>
    </package>
    <package name="src.Redux">
      <metrics statements="4" coveredstatements="4" conditionals="0" coveredconditionals="0" methods="0" coveredmethods="0"/>
      <file name="ActionTypes.js" path="/Volumes/T7/Apps/deviceList/src/Redux/ActionTypes.js">
        <metrics statements="4" coveredstatements="4" conditionals="0" coveredconditionals="0" methods="0" coveredmethods="0"/>
        <line num="1" count="3" type="stmt"/>
        <line num="2" count="3" type="stmt"/>
        <line num="3" count="3" type="stmt"/>
        <line num="4" count="3" type="stmt"/>
      </file>
    </package>
    <package name="src.Redux.Actions">
      <metrics statements="8" coveredstatements="4" conditionals="0" coveredconditionals="0" methods="8" coveredmethods="0"/>
      <file name="devicesActions.js" path="/Volumes/T7/Apps/deviceList/src/Redux/Actions/devicesActions.js">
        <metrics statements="8" coveredstatements="4" conditionals="0" coveredconditionals="0" methods="8" coveredmethods="0"/>
        <line num="8" count="1" type="stmt"/>
        <line num="9" count="0" type="stmt"/>
        <line num="15" count="1" type="stmt"/>
        <line num="16" count="0" type="stmt"/>
        <line num="22" count="1" type="stmt"/>
        <line num="23" count="0" type="stmt"/>
        <line num="29" count="1" type="stmt"/>
        <line num="30" count="0" type="stmt"/>
      </file>
    </package>
    <package name="src.Redux.Reducers">
      <metrics statements="10" coveredstatements="9" conditionals="8" coveredconditionals="6" methods="3" coveredmethods="3"/>
      <file name="devicesReducer.js" path="/Volumes/T7/Apps/deviceList/src/Redux/Reducers/devicesReducer.js">
        <metrics statements="10" coveredstatements="9" conditionals="8" coveredconditionals="6" methods="3" coveredmethods="3"/>
        <line num="8" count="3" type="stmt"/>
        <line num="12" count="3" type="cond" truecount="1" falsecount="0"/>
        <line num="13" count="16" type="cond" truecount="4" falsecount="1"/>
        <line num="15" count="1" type="stmt"/>
        <line num="20" count="0" type="stmt"/>
        <line num="25" count="1" type="stmt"/>
        <line num="28" count="1" type="cond" truecount="1" falsecount="1"/>
        <line num="32" count="1" type="stmt"/>
        <line num="34" count="1" type="stmt"/>
        <line num="37" count="13" type="stmt"/>
      </file>
    </package>
    <package name="src.Screens">
      <metrics statements="64" coveredstatements="46" conditionals="21" coveredconditionals="16" methods="30" coveredmethods="16"/>
      <file name="DeviceDetail.js" path="/Volumes/T7/Apps/deviceList/src/Screens/DeviceDetail.js">
        <metrics statements="37" coveredstatements="23" conditionals="19" coveredconditionals="14" methods="17" coveredmethods="6"/>
        <line num="26" count="1" type="stmt"/>
        <line num="33" count="11" type="stmt"/>
        <line num="34" count="11" type="stmt"/>
        <line num="35" count="11" type="stmt"/>
        <line num="36" count="11" type="stmt"/>
        <line num="37" count="11" type="stmt"/>
        <line num="45" count="11" type="stmt"/>
        <line num="46" count="5" type="cond" truecount="2" falsecount="0"/>
        <line num="47" count="3" type="stmt"/>
        <line num="48" count="2" type="cond" truecount="1" falsecount="1"/>
        <line num="49" count="0" type="stmt"/>
        <line num="53" count="11" type="stmt"/>
        <line num="54" count="8" type="cond" truecount="3" falsecount="0"/>
        <line num="56" count="11" type="stmt"/>
        <line num="57" count="8" type="stmt"/>
        <line num="60" count="11" type="stmt"/>
        <line num="61" count="0" type="cond" truecount="0" falsecount="2"/>
        <line num="62" count="0" type="stmt"/>
        <line num="65" count="11" type="stmt"/>
        <line num="66" count="0" type="stmt"/>
        <line num="69" count="11" type="stmt"/>
        <line num="70" count="0" type="stmt"/>
        <line num="71" count="0" type="stmt"/>
        <line num="72" count="0" type="cond" truecount="0" falsecount="2"/>
        <line num="73" count="0" type="stmt"/>
        <line num="74" count="0" type="stmt"/>
        <line num="80" count="11" type="stmt"/>
        <line num="81" count="0" type="stmt"/>
        <line num="87" count="11" type="stmt"/>
        <line num="97" count="0" type="stmt"/>
        <line num="106" count="0" type="stmt"/>
        <line num="115" count="0" type="stmt"/>
        <line num="124" count="0" type="stmt"/>
        <line num="159" count="1" type="stmt"/>
        <line num="160" count="11" type="stmt"/>
        <line num="212" count="1" type="stmt"/>
        <line num="213" count="5" type="stmt"/>
      </file>
      <file name="DeviceList.js" path="/Volumes/T7/Apps/deviceList/src/Screens/DeviceList.js">
        <metrics statements="27" coveredstatements="23" conditionals="2" coveredconditionals="2" methods="13" coveredmethods="10"/>
        <line num="17" count="1" type="stmt"/>
        <line num="18" count="10" type="stmt"/>
        <line num="19" count="10" type="stmt"/>
        <line num="21" count="10" type="stmt"/>
        <line num="22" count="0" type="stmt"/>
        <line num="25" count="10" type="stmt"/>
        <line num="26" count="10" type="stmt"/>
        <line num="28" count="0" type="stmt"/>
        <line num="35" count="10" type="stmt"/>
        <line num="36" count="1" type="stmt"/>
        <line num="39" count="10" type="stmt"/>
        <line num="40" count="1" type="stmt"/>
        <line num="43" count="10" type="stmt"/>
        <line num="45" count="8" type="stmt"/>
        <line num="46" count="8" type="stmt"/>
        <line num="47" count="1" type="stmt"/>
        <line num="50" count="8" type="stmt"/>
        <line num="51" count="2" type="stmt"/>
        <line num="54" count="8" type="stmt"/>
        <line num="108" count="10" type="stmt"/>
        <line num="113" count="8" type="stmt"/>
        <line num="125" count="0" type="stmt"/>
        <line num="126" count="0" type="stmt"/>
        <line num="163" count="1" type="stmt"/>
        <line num="164" count="10" type="stmt"/>
        <line num="244" count="1" type="stmt"/>
        <line num="245" count="7" type="stmt"/>
      </file>
    </package>
  </project>
</coverage>
