<?xml version="1.0" encoding="UTF-8"?>
<coverage generated="1643467178164" clover="3.2.0">
  <project timestamp="1643467178164" name="All files">
    <metrics statements="52" coveredstatements="38" conditionals="28" coveredconditionals="22" methods="22" coveredmethods="11" elements="102" coveredelements="71" complexity="0" loc="52" ncloc="52" packages="4" files="4" classes="4"/>
    <package name="jest">
      <metrics statements="3" coveredstatements="3" conditionals="2" coveredconditionals="2" methods="2" coveredmethods="2"/>
      <file name="test-utils.js" path="/Volumes/T7/Apps/deviceList/jest/test-utils.js">
        <metrics statements="3" coveredstatements="3" conditionals="2" coveredconditionals="2" methods="2" coveredmethods="2"/>
        <line num="11" count="12" type="stmt"/>
        <line num="17" count="12" type="stmt"/>
        <line num="25" count="12" type="stmt"/>
      </file>
    </package>
    <package name="src.Constants">
      <metrics statements="3" coveredstatements="3" conditionals="0" coveredconditionals="0" methods="0" coveredmethods="0"/>
      <file name="ActionTypes.js" path="/Volumes/T7/Apps/deviceList/src/Constants/ActionTypes.js">
        <metrics statements="3" coveredstatements="3" conditionals="0" coveredconditionals="0" methods="0" coveredmethods="0"/>
        <line num="1" count="3" type="stmt"/>
        <line num="2" count="3" type="stmt"/>
        <line num="3" count="3" type="stmt"/>
      </file>
    </package>
    <package name="src.Reducers">
      <metrics statements="9" coveredstatements="9" conditionals="7" coveredconditionals="6" methods="3" coveredmethods="3"/>
      <file name="devicesReducer.js" path="/Volumes/T7/Apps/deviceList/src/Reducers/devicesReducer.js">
        <metrics statements="9" coveredstatements="9" conditionals="7" coveredconditionals="6" methods="3" coveredmethods="3"/>
        <line num="3" count="3" type="stmt"/>
        <line num="7" count="3" type="cond" truecount="1" falsecount="0"/>
        <line num="8" count="16" type="cond" truecount="4" falsecount="0"/>
        <line num="10" count="1" type="stmt"/>
        <line num="15" count="1" type="stmt"/>
        <line num="18" count="1" type="cond" truecount="1" falsecount="1"/>
        <line num="22" count="1" type="stmt"/>
        <line num="24" count="1" type="stmt"/>
        <line num="27" count="13" type="stmt"/>
      </file>
    </package>
    <package name="src.Screens">
      <metrics statements="37" coveredstatements="23" conditionals="19" coveredconditionals="14" methods="17" coveredmethods="6"/>
      <file name="DeviceDetail.js" path="/Volumes/T7/Apps/deviceList/src/Screens/DeviceDetail.js">
        <metrics statements="37" coveredstatements="23" conditionals="19" coveredconditionals="14" methods="17" coveredmethods="6"/>
        <line num="22" count="1" type="stmt"/>
        <line num="29" count="11" type="stmt"/>
        <line num="30" count="11" type="stmt"/>
        <line num="31" count="11" type="stmt"/>
        <line num="32" count="11" type="stmt"/>
        <line num="33" count="11" type="stmt"/>
        <line num="40" count="11" type="stmt"/>
        <line num="41" count="5" type="cond" truecount="2" falsecount="0"/>
        <line num="42" count="3" type="stmt"/>
        <line num="43" count="2" type="cond" truecount="1" falsecount="1"/>
        <line num="44" count="0" type="stmt"/>
        <line num="48" count="11" type="stmt"/>
        <line num="49" count="8" type="cond" truecount="3" falsecount="0"/>
        <line num="51" count="11" type="stmt"/>
        <line num="52" count="8" type="stmt"/>
        <line num="55" count="11" type="stmt"/>
        <line num="56" count="0" type="cond" truecount="0" falsecount="2"/>
        <line num="57" count="0" type="stmt"/>
        <line num="60" count="11" type="stmt"/>
        <line num="61" count="0" type="stmt"/>
        <line num="64" count="11" type="stmt"/>
        <line num="65" count="0" type="stmt"/>
        <line num="66" count="0" type="stmt"/>
        <line num="67" count="0" type="cond" truecount="0" falsecount="2"/>
        <line num="68" count="0" type="stmt"/>
        <line num="69" count="0" type="stmt"/>
        <line num="75" count="11" type="stmt"/>
        <line num="76" count="0" type="stmt"/>
        <line num="82" count="11" type="stmt"/>
        <line num="92" count="0" type="stmt"/>
        <line num="101" count="0" type="stmt"/>
        <line num="110" count="0" type="stmt"/>
        <line num="119" count="0" type="stmt"/>
        <line num="154" count="1" type="stmt"/>
        <line num="155" count="11" type="stmt"/>
        <line num="207" count="1" type="stmt"/>
        <line num="208" count="5" type="stmt"/>
      </file>
    </package>
  </project>
</coverage>
