{"/Volumes/T7/Apps/deviceList/jest/test-utils.js": {"path":"/Volumes/T7/Apps/deviceList/jest/test-utils.js","statementMap":{"0":{"start":{"line":11,"column":23},"end":{"line":14,"column":4}},"1":{"start":{"line":17,"column":4},"end":{"line":23,"column":6}},"2":{"start":{"line":25,"column":2},"end":{"line":25,"column":43}}},"fnMap":{"0":{"name":"render","decl":{"start":{"line":10,"column":9},"end":{"line":10,"column":15}},"loc":{"start":{"line":10,"column":43},"end":{"line":26,"column":1}},"line":10},"1":{"name":"Wrapper","decl":{"start":{"line":16,"column":11},"end":{"line":16,"column":18}},"loc":{"start":{"line":16,"column":31},"end":{"line":24,"column":3}},"line":16}},"branchMap":{"0":{"loc":{"start":{"line":18,"column":23},"end":{"line":18,"column":44}},"type":"binary-expr","locations":[{"start":{"line":18,"column":23},"end":{"line":18,"column":28}},{"start":{"line":18,"column":32},"end":{"line":18,"column":44}}],"line":18}},"s":{"0":12,"1":12,"2":12},"f":{"0":12,"1":12},"b":{"0":[12,12]},"_coverageSchema":"1a1c01bbd47fc00a2c39e90264f33305004495a9","hash":"9f89a4f090ec8e53def20aa2eed1ba321cf8c404"}
,"/Volumes/T7/Apps/deviceList/src/Constants/ActionTypes.js": {"path":"/Volumes/T7/Apps/deviceList/src/Constants/ActionTypes.js","statementMap":{"0":{"start":{"line":1,"column":26},"end":{"line":1,"column":38}},"1":{"start":{"line":2,"column":27},"end":{"line":2,"column":40}},"2":{"start":{"line":3,"column":29},"end":{"line":3,"column":44}}},"fnMap":{},"branchMap":{},"s":{"0":3,"1":3,"2":3},"f":{},"b":{},"_coverageSchema":"1a1c01bbd47fc00a2c39e90264f33305004495a9","hash":"e3a724b96334c11e629bc66c7db6a8d16360abdd"}
,"/Volumes/T7/Apps/deviceList/src/Reducers/devicesReducer.js": {"path":"/Volumes/T7/Apps/deviceList/src/Reducers/devicesReducer.js","statementMap":{"0":{"start":{"line":3,"column":21},"end":{"line":5,"column":1}},"1":{"start":{"line":7,"column":30},"end":{"line":29,"column":1}},"2":{"start":{"line":8,"column":2},"end":{"line":28,"column":3}},"3":{"start":{"line":10,"column":6},"end":{"line":13,"column":8}},"4":{"start":{"line":15,"column":6},"end":{"line":20,"column":8}},"5":{"start":{"line":18,"column":10},"end":{"line":18,"column":67}},"6":{"start":{"line":22,"column":6},"end":{"line":25,"column":8}},"7":{"start":{"line":24,"column":48},"end":{"line":24,"column":76}},"8":{"start":{"line":27,"column":6},"end":{"line":27,"column":19}}},"fnMap":{"0":{"name":"(anonymous_0)","decl":{"start":{"line":7,"column":30},"end":{"line":7,"column":31}},"loc":{"start":{"line":7,"column":64},"end":{"line":29,"column":1}},"line":7},"1":{"name":"(anonymous_1)","decl":{"start":{"line":17,"column":35},"end":{"line":17,"column":36}},"loc":{"start":{"line":18,"column":10},"end":{"line":18,"column":67}},"line":18},"2":{"name":"(anonymous_2)","decl":{"start":{"line":24,"column":38},"end":{"line":24,"column":39}},"loc":{"start":{"line":24,"column":48},"end":{"line":24,"column":76}},"line":24}},"branchMap":{"0":{"loc":{"start":{"line":7,"column":31},"end":{"line":7,"column":51}},"type":"default-arg","locations":[{"start":{"line":7,"column":39},"end":{"line":7,"column":51}}],"line":7},"1":{"loc":{"start":{"line":8,"column":2},"end":{"line":28,"column":3}},"type":"switch","locations":[{"start":{"line":9,"column":4},"end":{"line":13,"column":8}},{"start":{"line":14,"column":4},"end":{"line":20,"column":8}},{"start":{"line":21,"column":4},"end":{"line":25,"column":8}},{"start":{"line":26,"column":4},"end":{"line":27,"column":19}}],"line":8},"2":{"loc":{"start":{"line":18,"column":10},"end":{"line":18,"column":67}},"type":"cond-expr","locations":[{"start":{"line":18,"column":44},"end":{"line":18,"column":58}},{"start":{"line":18,"column":61},"end":{"line":18,"column":67}}],"line":18}},"s":{"0":3,"1":3,"2":16,"3":1,"4":1,"5":1,"6":1,"7":1,"8":13},"f":{"0":16,"1":1,"2":1},"b":{"0":[7],"1":[1,1,1,13],"2":[1,0]},"_coverageSchema":"1a1c01bbd47fc00a2c39e90264f33305004495a9","hash":"ad1bb71e6bfcc39f6ae1654f830a4aec00b52d21"}
,"/Volumes/T7/Apps/deviceList/src/Screens/DeviceDetail.js": {"path":"/Volumes/T7/Apps/deviceList/src/Screens/DeviceDetail.js","statementMap":{"0":{"start":{"line":22,"column":21},"end":{"line":152,"column":1}},"1":{"start":{"line":29,"column":25},"end":{"line":29,"column":46}},"2":{"start":{"line":30,"column":24},"end":{"line":30,"column":52}},"3":{"start":{"line":31,"column":17},"end":{"line":31,"column":39}},"4":{"start":{"line":32,"column":40},"end":{"line":32,"column":55}},"5":{"start":{"line":33,"column":30},"end":{"line":38,"column":4}},"6":{"start":{"line":40,"column":2},"end":{"line":46,"column":22}},"7":{"start":{"line":41,"column":4},"end":{"line":45,"column":5}},"8":{"start":{"line":42,"column":6},"end":{"line":42,"column":32}},"9":{"start":{"line":43,"column":11},"end":{"line":45,"column":5}},"10":{"start":{"line":44,"column":6},"end":{"line":44,"column":31}},"11":{"start":{"line":48,"column":27},"end":{"line":49,"column":66}},"12":{"start":{"line":49,"column":4},"end":{"line":49,"column":66}},"13":{"start":{"line":51,"column":2},"end":{"line":53,"column":15}},"14":{"start":{"line":52,"column":4},"end":{"line":52,"column":39}},"15":{"start":{"line":55,"column":30},"end":{"line":58,"column":3}},"16":{"start":{"line":56,"column":4},"end":{"line":56,"column":60}},"17":{"start":{"line":57,"column":4},"end":{"line":57,"column":25}},"18":{"start":{"line":60,"column":24},"end":{"line":62,"column":3}},"19":{"start":{"line":61,"column":4},"end":{"line":61,"column":37}},"20":{"start":{"line":64,"column":24},"end":{"line":73,"column":3}},"21":{"start":{"line":65,"column":4},"end":{"line":65,"column":28}},"22":{"start":{"line":66,"column":4},"end":{"line":72,"column":7}},"23":{"start":{"line":67,"column":6},"end":{"line":71,"column":7}},"24":{"start":{"line":68,"column":8},"end":{"line":70,"column":11}},"25":{"start":{"line":69,"column":38},"end":{"line":69,"column":57}},"26":{"start":{"line":75,"column":23},"end":{"line":80,"column":3}},"27":{"start":{"line":76,"column":4},"end":{"line":79,"column":8}},"28":{"start":{"line":76,"column":28},"end":{"line":79,"column":5}},"29":{"start":{"line":82,"column":2},"end":{"line":151,"column":4}},"30":{"start":{"line":92,"column":34},"end":{"line":92,"column":61}},"31":{"start":{"line":101,"column":34},"end":{"line":101,"column":61}},"32":{"start":{"line":110,"column":34},"end":{"line":110,"column":58}},"33":{"start":{"line":119,"column":34},"end":{"line":119,"column":61}},"34":{"start":{"line":154,"column":14},"end":{"line":205,"column":4}},"35":{"start":{"line":155,"column":2},"end":{"line":205,"column":4}},"36":{"start":{"line":207,"column":27},"end":{"line":215,"column":3}},"37":{"start":{"line":208,"column":2},"end":{"line":215,"column":3}}},"fnMap":{"0":{"name":"(anonymous_0)","decl":{"start":{"line":22,"column":21},"end":{"line":22,"column":22}},"loc":{"start":{"line":28,"column":6},"end":{"line":152,"column":1}},"line":28},"1":{"name":"(anonymous_1)","decl":{"start":{"line":40,"column":12},"end":{"line":40,"column":13}},"loc":{"start":{"line":40,"column":18},"end":{"line":46,"column":3}},"line":40},"2":{"name":"(anonymous_2)","decl":{"start":{"line":48,"column":27},"end":{"line":48,"column":28}},"loc":{"start":{"line":49,"column":4},"end":{"line":49,"column":66}},"line":49},"3":{"name":"(anonymous_3)","decl":{"start":{"line":51,"column":12},"end":{"line":51,"column":13}},"loc":{"start":{"line":51,"column":18},"end":{"line":53,"column":3}},"line":51},"4":{"name":"(anonymous_4)","decl":{"start":{"line":55,"column":30},"end":{"line":55,"column":31}},"loc":{"start":{"line":55,"column":36},"end":{"line":58,"column":3}},"line":55},"5":{"name":"(anonymous_5)","decl":{"start":{"line":60,"column":24},"end":{"line":60,"column":25}},"loc":{"start":{"line":60,"column":30},"end":{"line":62,"column":3}},"line":60},"6":{"name":"(anonymous_6)","decl":{"start":{"line":64,"column":24},"end":{"line":64,"column":25}},"loc":{"start":{"line":64,"column":30},"end":{"line":73,"column":3}},"line":64},"7":{"name":"(anonymous_7)","decl":{"start":{"line":66,"column":28},"end":{"line":66,"column":29}},"loc":{"start":{"line":66,"column":35},"end":{"line":72,"column":5}},"line":66},"8":{"name":"(anonymous_8)","decl":{"start":{"line":69,"column":32},"end":{"line":69,"column":33}},"loc":{"start":{"line":69,"column":38},"end":{"line":69,"column":57}},"line":69},"9":{"name":"(anonymous_9)","decl":{"start":{"line":75,"column":23},"end":{"line":75,"column":24}},"loc":{"start":{"line":75,"column":40},"end":{"line":80,"column":3}},"line":75},"10":{"name":"(anonymous_10)","decl":{"start":{"line":76,"column":14},"end":{"line":76,"column":15}},"loc":{"start":{"line":76,"column":28},"end":{"line":79,"column":5}},"line":76},"11":{"name":"(anonymous_11)","decl":{"start":{"line":92,"column":26},"end":{"line":92,"column":27}},"loc":{"start":{"line":92,"column":34},"end":{"line":92,"column":61}},"line":92},"12":{"name":"(anonymous_12)","decl":{"start":{"line":101,"column":26},"end":{"line":101,"column":27}},"loc":{"start":{"line":101,"column":34},"end":{"line":101,"column":61}},"line":101},"13":{"name":"(anonymous_13)","decl":{"start":{"line":110,"column":26},"end":{"line":110,"column":27}},"loc":{"start":{"line":110,"column":34},"end":{"line":110,"column":58}},"line":110},"14":{"name":"(anonymous_14)","decl":{"start":{"line":119,"column":26},"end":{"line":119,"column":27}},"loc":{"start":{"line":119,"column":34},"end":{"line":119,"column":61}},"line":119},"15":{"name":"(anonymous_15)","decl":{"start":{"line":154,"column":14},"end":{"line":154,"column":15}},"loc":{"start":{"line":155,"column":2},"end":{"line":205,"column":4}},"line":155},"16":{"name":"(anonymous_16)","decl":{"start":{"line":207,"column":27},"end":{"line":207,"column":28}},"loc":{"start":{"line":208,"column":2},"end":{"line":215,"column":3}},"line":208}},"branchMap":{"0":{"loc":{"start":{"line":41,"column":4},"end":{"line":45,"column":5}},"type":"if","locations":[{"start":{"line":41,"column":4},"end":{"line":45,"column":5}},{"start":{"line":43,"column":11},"end":{"line":45,"column":5}}],"line":41},"1":{"loc":{"start":{"line":43,"column":11},"end":{"line":45,"column":5}},"type":"if","locations":[{"start":{"line":43,"column":11},"end":{"line":45,"column":5}},{"start":{},"end":{}}],"line":43},"2":{"loc":{"start":{"line":49,"column":4},"end":{"line":49,"column":66}},"type":"binary-expr","locations":[{"start":{"line":49,"column":4},"end":{"line":49,"column":23}},{"start":{"line":49,"column":27},"end":{"line":49,"column":46}},{"start":{"line":49,"column":50},"end":{"line":49,"column":66}}],"line":49},"3":{"loc":{"start":{"line":56,"column":4},"end":{"line":56,"column":59}},"type":"cond-expr","locations":[{"start":{"line":56,"column":21},"end":{"line":56,"column":39}},{"start":{"line":56,"column":42},"end":{"line":56,"column":59}}],"line":56},"4":{"loc":{"start":{"line":67,"column":6},"end":{"line":71,"column":7}},"type":"if","locations":[{"start":{"line":67,"column":6},"end":{"line":71,"column":7}},{"start":{},"end":{}}],"line":67},"5":{"loc":{"start":{"line":125,"column":9},"end":{"line":132,"column":9}},"type":"binary-expr","locations":[{"start":{"line":125,"column":9},"end":{"line":125,"column":23}},{"start":{"line":126,"column":10},"end":{"line":131,"column":29}}],"line":125},"6":{"loc":{"start":{"line":137,"column":49},"end":{"line":137,"column":70}},"type":"cond-expr","locations":[{"start":{"line":137,"column":63},"end":{"line":137,"column":64}},{"start":{"line":137,"column":67},"end":{"line":137,"column":70}}],"line":137},"7":{"loc":{"start":{"line":139,"column":13},"end":{"line":139,"column":44}},"type":"cond-expr","locations":[{"start":{"line":139,"column":30},"end":{"line":139,"column":36}},{"start":{"line":139,"column":39},"end":{"line":139,"column":44}}],"line":139},"8":{"loc":{"start":{"line":142,"column":9},"end":{"line":148,"column":9}},"type":"binary-expr","locations":[{"start":{"line":142,"column":9},"end":{"line":142,"column":24}},{"start":{"line":143,"column":10},"end":{"line":147,"column":22}}],"line":142}},"s":{"0":1,"1":11,"2":11,"3":11,"4":11,"5":11,"6":11,"7":5,"8":3,"9":2,"10":0,"11":11,"12":8,"13":11,"14":8,"15":11,"16":0,"17":0,"18":11,"19":0,"20":11,"21":0,"22":0,"23":0,"24":0,"25":0,"26":11,"27":0,"28":0,"29":11,"30":0,"31":0,"32":0,"33":0,"34":1,"35":11,"36":1,"37":5},"f":{"0":11,"1":5,"2":8,"3":8,"4":0,"5":0,"6":0,"7":0,"8":0,"9":0,"10":0,"11":0,"12":0,"13":0,"14":0,"15":11,"16":5},"b":{"0":[3,2],"1":[0,2],"2":[8,3,3],"3":[0,0],"4":[0,0],"5":[11,9],"6":[3,8],"7":[9,2],"8":[11,2]},"_coverageSchema":"1a1c01bbd47fc00a2c39e90264f33305004495a9","hash":"e8fc8bf5123fd1bcca9f66352f26c64ec002cd14"}
}
