{"/Volumes/T7/Apps/deviceList/jest/test-utils.js": {"path":"/Volumes/T7/Apps/deviceList/jest/test-utils.js","statementMap":{"0":{"start":{"line":11,"column":23},"end":{"line":14,"column":4}},"1":{"start":{"line":17,"column":4},"end":{"line":23,"column":6}},"2":{"start":{"line":25,"column":2},"end":{"line":25,"column":43}}},"fnMap":{"0":{"name":"render","decl":{"start":{"line":10,"column":9},"end":{"line":10,"column":15}},"loc":{"start":{"line":10,"column":43},"end":{"line":26,"column":1}},"line":10},"1":{"name":"Wrapper","decl":{"start":{"line":16,"column":11},"end":{"line":16,"column":18}},"loc":{"start":{"line":16,"column":31},"end":{"line":24,"column":3}},"line":16}},"branchMap":{"0":{"loc":{"start":{"line":18,"column":23},"end":{"line":18,"column":44}},"type":"binary-expr","locations":[{"start":{"line":18,"column":23},"end":{"line":18,"column":28}},{"start":{"line":18,"column":32},"end":{"line":18,"column":44}}],"line":18}},"s":{"0":12,"1":12,"2":12},"f":{"0":12,"1":12},"b":{"0":[12,12]},"_coverageSchema":"1a1c01bbd47fc00a2c39e90264f33305004495a9","hash":"9f89a4f090ec8e53def20aa2eed1ba321cf8c404"}
,"/Volumes/T7/Apps/deviceList/src/Redux/ActionTypes.js": {"path":"/Volumes/T7/Apps/deviceList/src/Redux/ActionTypes.js","statementMap":{"0":{"start":{"line":1,"column":26},"end":{"line":1,"column":38}},"1":{"start":{"line":2,"column":36},"end":{"line":2,"column":58}},"2":{"start":{"line":3,"column":27},"end":{"line":3,"column":40}},"3":{"start":{"line":4,"column":29},"end":{"line":4,"column":44}}},"fnMap":{},"branchMap":{},"s":{"0":3,"1":3,"2":3,"3":3},"f":{},"b":{},"_coverageSchema":"1a1c01bbd47fc00a2c39e90264f33305004495a9","hash":"c9b72fb083161f156115eb00596b10c9af6b2c6a"}
,"/Volumes/T7/Apps/deviceList/src/Redux/Actions/devicesActions.js": {"path":"/Volumes/T7/Apps/deviceList/src/Redux/Actions/devicesActions.js","statementMap":{"0":{"start":{"line":8,"column":25},"end":{"line":13,"column":1}},"1":{"start":{"line":8,"column":35},"end":{"line":13,"column":1}},"2":{"start":{"line":9,"column":2},"end":{"line":12,"column":5}},"3":{"start":{"line":15,"column":34},"end":{"line":20,"column":1}},"4":{"start":{"line":15,"column":45},"end":{"line":20,"column":1}},"5":{"start":{"line":16,"column":2},"end":{"line":19,"column":5}},"6":{"start":{"line":22,"column":26},"end":{"line":27,"column":1}},"7":{"start":{"line":22,"column":36},"end":{"line":27,"column":1}},"8":{"start":{"line":23,"column":2},"end":{"line":26,"column":5}},"9":{"start":{"line":29,"column":28},"end":{"line":34,"column":1}},"10":{"start":{"line":29,"column":38},"end":{"line":34,"column":1}},"11":{"start":{"line":30,"column":2},"end":{"line":33,"column":5}}},"fnMap":{"0":{"name":"(anonymous_0)","decl":{"start":{"line":8,"column":25},"end":{"line":8,"column":26}},"loc":{"start":{"line":8,"column":35},"end":{"line":13,"column":1}},"line":8},"1":{"name":"(anonymous_1)","decl":{"start":{"line":8,"column":35},"end":{"line":8,"column":36}},"loc":{"start":{"line":8,"column":47},"end":{"line":13,"column":1}},"line":8},"2":{"name":"(anonymous_2)","decl":{"start":{"line":15,"column":34},"end":{"line":15,"column":35}},"loc":{"start":{"line":15,"column":45},"end":{"line":20,"column":1}},"line":15},"3":{"name":"(anonymous_3)","decl":{"start":{"line":15,"column":45},"end":{"line":15,"column":46}},"loc":{"start":{"line":15,"column":57},"end":{"line":20,"column":1}},"line":15},"4":{"name":"(anonymous_4)","decl":{"start":{"line":22,"column":26},"end":{"line":22,"column":27}},"loc":{"start":{"line":22,"column":36},"end":{"line":27,"column":1}},"line":22},"5":{"name":"(anonymous_5)","decl":{"start":{"line":22,"column":36},"end":{"line":22,"column":37}},"loc":{"start":{"line":22,"column":48},"end":{"line":27,"column":1}},"line":22},"6":{"name":"(anonymous_6)","decl":{"start":{"line":29,"column":28},"end":{"line":29,"column":29}},"loc":{"start":{"line":29,"column":38},"end":{"line":34,"column":1}},"line":29},"7":{"name":"(anonymous_7)","decl":{"start":{"line":29,"column":38},"end":{"line":29,"column":39}},"loc":{"start":{"line":29,"column":50},"end":{"line":34,"column":1}},"line":29}},"branchMap":{},"s":{"0":1,"1":0,"2":0,"3":1,"4":0,"5":0,"6":1,"7":0,"8":0,"9":1,"10":0,"11":0},"f":{"0":0,"1":0,"2":0,"3":0,"4":0,"5":0,"6":0,"7":0},"b":{},"_coverageSchema":"1a1c01bbd47fc00a2c39e90264f33305004495a9","hash":"d9cd5fedc65691526604ca8f0dcd1fa7cf08d198"}
,"/Volumes/T7/Apps/deviceList/src/Redux/Reducers/devicesReducer.js": {"path":"/Volumes/T7/Apps/deviceList/src/Redux/Reducers/devicesReducer.js","statementMap":{"0":{"start":{"line":8,"column":21},"end":{"line":10,"column":1}},"1":{"start":{"line":12,"column":30},"end":{"line":39,"column":1}},"2":{"start":{"line":13,"column":2},"end":{"line":38,"column":3}},"3":{"start":{"line":15,"column":6},"end":{"line":18,"column":8}},"4":{"start":{"line":20,"column":6},"end":{"line":23,"column":8}},"5":{"start":{"line":25,"column":6},"end":{"line":30,"column":8}},"6":{"start":{"line":28,"column":10},"end":{"line":28,"column":67}},"7":{"start":{"line":32,"column":6},"end":{"line":35,"column":8}},"8":{"start":{"line":34,"column":48},"end":{"line":34,"column":76}},"9":{"start":{"line":37,"column":6},"end":{"line":37,"column":19}}},"fnMap":{"0":{"name":"(anonymous_0)","decl":{"start":{"line":12,"column":30},"end":{"line":12,"column":31}},"loc":{"start":{"line":12,"column":64},"end":{"line":39,"column":1}},"line":12},"1":{"name":"(anonymous_1)","decl":{"start":{"line":27,"column":35},"end":{"line":27,"column":36}},"loc":{"start":{"line":28,"column":10},"end":{"line":28,"column":67}},"line":28},"2":{"name":"(anonymous_2)","decl":{"start":{"line":34,"column":38},"end":{"line":34,"column":39}},"loc":{"start":{"line":34,"column":48},"end":{"line":34,"column":76}},"line":34}},"branchMap":{"0":{"loc":{"start":{"line":12,"column":31},"end":{"line":12,"column":51}},"type":"default-arg","locations":[{"start":{"line":12,"column":39},"end":{"line":12,"column":51}}],"line":12},"1":{"loc":{"start":{"line":13,"column":2},"end":{"line":38,"column":3}},"type":"switch","locations":[{"start":{"line":14,"column":4},"end":{"line":18,"column":8}},{"start":{"line":19,"column":4},"end":{"line":23,"column":8}},{"start":{"line":24,"column":4},"end":{"line":30,"column":8}},{"start":{"line":31,"column":4},"end":{"line":35,"column":8}},{"start":{"line":36,"column":4},"end":{"line":37,"column":19}}],"line":13},"2":{"loc":{"start":{"line":28,"column":10},"end":{"line":28,"column":67}},"type":"cond-expr","locations":[{"start":{"line":28,"column":44},"end":{"line":28,"column":58}},{"start":{"line":28,"column":61},"end":{"line":28,"column":67}}],"line":28}},"s":{"0":3,"1":3,"2":16,"3":1,"4":0,"5":1,"6":1,"7":1,"8":1,"9":13},"f":{"0":16,"1":1,"2":1},"b":{"0":[7],"1":[1,0,1,1,13],"2":[1,0]},"_coverageSchema":"1a1c01bbd47fc00a2c39e90264f33305004495a9","hash":"ca78e09fbf1640831db87d4cabcf601e7097f424"}
,"/Volumes/T7/Apps/deviceList/src/Screens/DeviceDetail.js": {"path":"/Volumes/T7/Apps/deviceList/src/Screens/DeviceDetail.js","statementMap":{"0":{"start":{"line":26,"column":21},"end":{"line":157,"column":1}},"1":{"start":{"line":33,"column":25},"end":{"line":33,"column":46}},"2":{"start":{"line":34,"column":24},"end":{"line":34,"column":52}},"3":{"start":{"line":35,"column":17},"end":{"line":35,"column":39}},"4":{"start":{"line":36,"column":40},"end":{"line":36,"column":55}},"5":{"start":{"line":37,"column":30},"end":{"line":43,"column":4}},"6":{"start":{"line":45,"column":2},"end":{"line":51,"column":22}},"7":{"start":{"line":46,"column":4},"end":{"line":50,"column":5}},"8":{"start":{"line":47,"column":6},"end":{"line":47,"column":32}},"9":{"start":{"line":48,"column":11},"end":{"line":50,"column":5}},"10":{"start":{"line":49,"column":6},"end":{"line":49,"column":31}},"11":{"start":{"line":53,"column":27},"end":{"line":54,"column":66}},"12":{"start":{"line":54,"column":4},"end":{"line":54,"column":66}},"13":{"start":{"line":56,"column":2},"end":{"line":58,"column":15}},"14":{"start":{"line":57,"column":4},"end":{"line":57,"column":39}},"15":{"start":{"line":60,"column":30},"end":{"line":63,"column":3}},"16":{"start":{"line":61,"column":4},"end":{"line":61,"column":60}},"17":{"start":{"line":62,"column":4},"end":{"line":62,"column":25}},"18":{"start":{"line":65,"column":24},"end":{"line":67,"column":3}},"19":{"start":{"line":66,"column":4},"end":{"line":66,"column":37}},"20":{"start":{"line":69,"column":24},"end":{"line":78,"column":3}},"21":{"start":{"line":70,"column":4},"end":{"line":70,"column":28}},"22":{"start":{"line":71,"column":4},"end":{"line":77,"column":7}},"23":{"start":{"line":72,"column":6},"end":{"line":76,"column":7}},"24":{"start":{"line":73,"column":8},"end":{"line":75,"column":11}},"25":{"start":{"line":74,"column":38},"end":{"line":74,"column":57}},"26":{"start":{"line":80,"column":23},"end":{"line":85,"column":3}},"27":{"start":{"line":81,"column":4},"end":{"line":84,"column":8}},"28":{"start":{"line":81,"column":28},"end":{"line":84,"column":5}},"29":{"start":{"line":87,"column":2},"end":{"line":156,"column":4}},"30":{"start":{"line":97,"column":34},"end":{"line":97,"column":61}},"31":{"start":{"line":106,"column":34},"end":{"line":106,"column":61}},"32":{"start":{"line":115,"column":34},"end":{"line":115,"column":58}},"33":{"start":{"line":124,"column":34},"end":{"line":124,"column":61}},"34":{"start":{"line":159,"column":14},"end":{"line":210,"column":4}},"35":{"start":{"line":160,"column":2},"end":{"line":210,"column":4}},"36":{"start":{"line":212,"column":27},"end":{"line":220,"column":3}},"37":{"start":{"line":213,"column":2},"end":{"line":220,"column":3}}},"fnMap":{"0":{"name":"(anonymous_0)","decl":{"start":{"line":26,"column":21},"end":{"line":26,"column":22}},"loc":{"start":{"line":32,"column":6},"end":{"line":157,"column":1}},"line":32},"1":{"name":"(anonymous_1)","decl":{"start":{"line":45,"column":12},"end":{"line":45,"column":13}},"loc":{"start":{"line":45,"column":18},"end":{"line":51,"column":3}},"line":45},"2":{"name":"(anonymous_2)","decl":{"start":{"line":53,"column":27},"end":{"line":53,"column":28}},"loc":{"start":{"line":54,"column":4},"end":{"line":54,"column":66}},"line":54},"3":{"name":"(anonymous_3)","decl":{"start":{"line":56,"column":12},"end":{"line":56,"column":13}},"loc":{"start":{"line":56,"column":18},"end":{"line":58,"column":3}},"line":56},"4":{"name":"(anonymous_4)","decl":{"start":{"line":60,"column":30},"end":{"line":60,"column":31}},"loc":{"start":{"line":60,"column":36},"end":{"line":63,"column":3}},"line":60},"5":{"name":"(anonymous_5)","decl":{"start":{"line":65,"column":24},"end":{"line":65,"column":25}},"loc":{"start":{"line":65,"column":30},"end":{"line":67,"column":3}},"line":65},"6":{"name":"(anonymous_6)","decl":{"start":{"line":69,"column":24},"end":{"line":69,"column":25}},"loc":{"start":{"line":69,"column":30},"end":{"line":78,"column":3}},"line":69},"7":{"name":"(anonymous_7)","decl":{"start":{"line":71,"column":28},"end":{"line":71,"column":29}},"loc":{"start":{"line":71,"column":35},"end":{"line":77,"column":5}},"line":71},"8":{"name":"(anonymous_8)","decl":{"start":{"line":74,"column":32},"end":{"line":74,"column":33}},"loc":{"start":{"line":74,"column":38},"end":{"line":74,"column":57}},"line":74},"9":{"name":"(anonymous_9)","decl":{"start":{"line":80,"column":23},"end":{"line":80,"column":24}},"loc":{"start":{"line":80,"column":40},"end":{"line":85,"column":3}},"line":80},"10":{"name":"(anonymous_10)","decl":{"start":{"line":81,"column":14},"end":{"line":81,"column":15}},"loc":{"start":{"line":81,"column":28},"end":{"line":84,"column":5}},"line":81},"11":{"name":"(anonymous_11)","decl":{"start":{"line":97,"column":26},"end":{"line":97,"column":27}},"loc":{"start":{"line":97,"column":34},"end":{"line":97,"column":61}},"line":97},"12":{"name":"(anonymous_12)","decl":{"start":{"line":106,"column":26},"end":{"line":106,"column":27}},"loc":{"start":{"line":106,"column":34},"end":{"line":106,"column":61}},"line":106},"13":{"name":"(anonymous_13)","decl":{"start":{"line":115,"column":26},"end":{"line":115,"column":27}},"loc":{"start":{"line":115,"column":34},"end":{"line":115,"column":58}},"line":115},"14":{"name":"(anonymous_14)","decl":{"start":{"line":124,"column":26},"end":{"line":124,"column":27}},"loc":{"start":{"line":124,"column":34},"end":{"line":124,"column":61}},"line":124},"15":{"name":"(anonymous_15)","decl":{"start":{"line":159,"column":14},"end":{"line":159,"column":15}},"loc":{"start":{"line":160,"column":2},"end":{"line":210,"column":4}},"line":160},"16":{"name":"(anonymous_16)","decl":{"start":{"line":212,"column":27},"end":{"line":212,"column":28}},"loc":{"start":{"line":213,"column":2},"end":{"line":220,"column":3}},"line":213}},"branchMap":{"0":{"loc":{"start":{"line":46,"column":4},"end":{"line":50,"column":5}},"type":"if","locations":[{"start":{"line":46,"column":4},"end":{"line":50,"column":5}},{"start":{"line":48,"column":11},"end":{"line":50,"column":5}}],"line":46},"1":{"loc":{"start":{"line":48,"column":11},"end":{"line":50,"column":5}},"type":"if","locations":[{"start":{"line":48,"column":11},"end":{"line":50,"column":5}},{"start":{},"end":{}}],"line":48},"2":{"loc":{"start":{"line":54,"column":4},"end":{"line":54,"column":66}},"type":"binary-expr","locations":[{"start":{"line":54,"column":4},"end":{"line":54,"column":23}},{"start":{"line":54,"column":27},"end":{"line":54,"column":46}},{"start":{"line":54,"column":50},"end":{"line":54,"column":66}}],"line":54},"3":{"loc":{"start":{"line":61,"column":4},"end":{"line":61,"column":59}},"type":"cond-expr","locations":[{"start":{"line":61,"column":21},"end":{"line":61,"column":39}},{"start":{"line":61,"column":42},"end":{"line":61,"column":59}}],"line":61},"4":{"loc":{"start":{"line":72,"column":6},"end":{"line":76,"column":7}},"type":"if","locations":[{"start":{"line":72,"column":6},"end":{"line":76,"column":7}},{"start":{},"end":{}}],"line":72},"5":{"loc":{"start":{"line":130,"column":9},"end":{"line":137,"column":9}},"type":"binary-expr","locations":[{"start":{"line":130,"column":9},"end":{"line":130,"column":23}},{"start":{"line":131,"column":10},"end":{"line":136,"column":29}}],"line":130},"6":{"loc":{"start":{"line":142,"column":49},"end":{"line":142,"column":70}},"type":"cond-expr","locations":[{"start":{"line":142,"column":63},"end":{"line":142,"column":64}},{"start":{"line":142,"column":67},"end":{"line":142,"column":70}}],"line":142},"7":{"loc":{"start":{"line":144,"column":13},"end":{"line":144,"column":44}},"type":"cond-expr","locations":[{"start":{"line":144,"column":30},"end":{"line":144,"column":36}},{"start":{"line":144,"column":39},"end":{"line":144,"column":44}}],"line":144},"8":{"loc":{"start":{"line":147,"column":9},"end":{"line":153,"column":9}},"type":"binary-expr","locations":[{"start":{"line":147,"column":9},"end":{"line":147,"column":24}},{"start":{"line":148,"column":10},"end":{"line":152,"column":22}}],"line":147}},"s":{"0":1,"1":11,"2":11,"3":11,"4":11,"5":11,"6":11,"7":5,"8":3,"9":2,"10":0,"11":11,"12":8,"13":11,"14":8,"15":11,"16":0,"17":0,"18":11,"19":0,"20":11,"21":0,"22":0,"23":0,"24":0,"25":0,"26":11,"27":0,"28":0,"29":11,"30":0,"31":0,"32":0,"33":0,"34":1,"35":11,"36":1,"37":5},"f":{"0":11,"1":5,"2":8,"3":8,"4":0,"5":0,"6":0,"7":0,"8":0,"9":0,"10":0,"11":0,"12":0,"13":0,"14":0,"15":11,"16":5},"b":{"0":[3,2],"1":[0,2],"2":[8,3,3],"3":[0,0],"4":[0,0],"5":[11,9],"6":[3,8],"7":[9,2],"8":[11,2]},"_coverageSchema":"1a1c01bbd47fc00a2c39e90264f33305004495a9","hash":"35cffdc49c71fa9a71970d01bf4b1efc4db3ac1f"}
,"/Volumes/T7/Apps/deviceList/src/Screens/DeviceList.js": {"path":"/Volumes/T7/Apps/deviceList/src/Screens/DeviceList.js","statementMap":{"0":{"start":{"line":17,"column":19},"end":{"line":161,"column":1}},"1":{"start":{"line":18,"column":17},"end":{"line":18,"column":39}},"2":{"start":{"line":19,"column":38},"end":{"line":19,"column":52}},"3":{"start":{"line":21,"column":26},"end":{"line":23,"column":3}},"4":{"start":{"line":22,"column":4},"end":{"line":22,"column":32}},"5":{"start":{"line":25,"column":2},"end":{"line":33,"column":5}},"6":{"start":{"line":26,"column":4},"end":{"line":32,"column":7}},"7":{"start":{"line":28,"column":8},"end":{"line":30,"column":27}},"8":{"start":{"line":35,"column":21},"end":{"line":37,"column":8}},"9":{"start":{"line":36,"column":4},"end":{"line":36,"column":40}},"10":{"start":{"line":39,"column":32},"end":{"line":41,"column":3}},"11":{"start":{"line":40,"column":4},"end":{"line":40,"column":24}},"12":{"start":{"line":43,"column":21},"end":{"line":106,"column":3}},"13":{"start":{"line":45,"column":6},"end":{"line":45,"column":27}},"14":{"start":{"line":46,"column":26},"end":{"line":48,"column":7}},"15":{"start":{"line":47,"column":8},"end":{"line":47,"column":60}},"16":{"start":{"line":50,"column":24},"end":{"line":52,"column":7}},"17":{"start":{"line":51,"column":8},"end":{"line":51,"column":28}},"18":{"start":{"line":54,"column":6},"end":{"line":103,"column":8}},"19":{"start":{"line":108,"column":2},"end":{"line":160,"column":4}},"20":{"start":{"line":113,"column":30},"end":{"line":113,"column":37}},"21":{"start":{"line":125,"column":10},"end":{"line":125,"column":48}},"22":{"start":{"line":126,"column":10},"end":{"line":126,"column":31}},"23":{"start":{"line":163,"column":14},"end":{"line":242,"column":4}},"24":{"start":{"line":164,"column":2},"end":{"line":242,"column":4}},"25":{"start":{"line":244,"column":24},"end":{"line":248,"column":1}},"26":{"start":{"line":245,"column":2},"end":{"line":247,"column":4}}},"fnMap":{"0":{"name":"(anonymous_0)","decl":{"start":{"line":17,"column":19},"end":{"line":17,"column":20}},"loc":{"start":{"line":17,"column":46},"end":{"line":161,"column":1}},"line":17},"1":{"name":"(anonymous_1)","decl":{"start":{"line":21,"column":26},"end":{"line":21,"column":27}},"loc":{"start":{"line":21,"column":32},"end":{"line":23,"column":3}},"line":21},"2":{"name":"(anonymous_2)","decl":{"start":{"line":25,"column":18},"end":{"line":25,"column":19}},"loc":{"start":{"line":25,"column":24},"end":{"line":33,"column":3}},"line":25},"3":{"name":"(anonymous_3)","decl":{"start":{"line":27,"column":19},"end":{"line":27,"column":20}},"loc":{"start":{"line":28,"column":8},"end":{"line":30,"column":27}},"line":28},"4":{"name":"(anonymous_4)","decl":{"start":{"line":35,"column":33},"end":{"line":35,"column":34}},"loc":{"start":{"line":35,"column":39},"end":{"line":37,"column":3}},"line":35},"5":{"name":"(anonymous_5)","decl":{"start":{"line":39,"column":32},"end":{"line":39,"column":33}},"loc":{"start":{"line":39,"column":38},"end":{"line":41,"column":3}},"line":39},"6":{"name":"(anonymous_6)","decl":{"start":{"line":44,"column":4},"end":{"line":44,"column":5}},"loc":{"start":{"line":44,"column":16},"end":{"line":104,"column":5}},"line":44},"7":{"name":"(anonymous_7)","decl":{"start":{"line":46,"column":26},"end":{"line":46,"column":27}},"loc":{"start":{"line":46,"column":32},"end":{"line":48,"column":7}},"line":46},"8":{"name":"(anonymous_8)","decl":{"start":{"line":50,"column":24},"end":{"line":50,"column":25}},"loc":{"start":{"line":50,"column":30},"end":{"line":52,"column":7}},"line":50},"9":{"name":"(anonymous_9)","decl":{"start":{"line":113,"column":22},"end":{"line":113,"column":23}},"loc":{"start":{"line":113,"column":30},"end":{"line":113,"column":37}},"line":113},"10":{"name":"(anonymous_10)","decl":{"start":{"line":124,"column":24},"end":{"line":124,"column":25}},"loc":{"start":{"line":124,"column":30},"end":{"line":127,"column":9}},"line":124},"11":{"name":"(anonymous_11)","decl":{"start":{"line":163,"column":14},"end":{"line":163,"column":15}},"loc":{"start":{"line":164,"column":2},"end":{"line":242,"column":4}},"line":164},"12":{"name":"(anonymous_12)","decl":{"start":{"line":244,"column":24},"end":{"line":244,"column":25}},"loc":{"start":{"line":244,"column":33},"end":{"line":248,"column":1}},"line":244}},"branchMap":{"0":{"loc":{"start":{"line":79,"column":15},"end":{"line":86,"column":15}},"type":"binary-expr","locations":[{"start":{"line":79,"column":15},"end":{"line":79,"column":25}},{"start":{"line":80,"column":16},"end":{"line":85,"column":23}}],"line":79}},"s":{"0":1,"1":10,"2":10,"3":10,"4":0,"5":10,"6":10,"7":0,"8":10,"9":1,"10":10,"11":1,"12":10,"13":8,"14":8,"15":1,"16":8,"17":2,"18":8,"19":10,"20":8,"21":0,"22":0,"23":1,"24":10,"25":1,"26":7},"f":{"0":10,"1":0,"2":10,"3":0,"4":1,"5":1,"6":8,"7":1,"8":2,"9":8,"10":0,"11":10,"12":7},"b":{"0":[8,8]},"_coverageSchema":"1a1c01bbd47fc00a2c39e90264f33305004495a9","hash":"2c2e426e97e50ac81349d211ac8d1a9e34d22434"}
}
