TN:
SF:jest/test-utils.js
FN:10,render
FN:16,Wrapper
FNF:2
FNH:2
FNDA:12,render
FNDA:12,Wrapper
DA:11,12
DA:17,12
DA:25,12
LF:3
LH:3
BRDA:18,0,0,12
BRDA:18,0,1,12
BRF:2
BRH:2
end_of_record
TN:
SF:src/Redux/ActionTypes.js
FNF:0
FNH:0
DA:1,3
DA:2,3
DA:3,3
DA:4,3
LF:4
LH:4
BRF:0
BRH:0
end_of_record
TN:
SF:src/Redux/Actions/devicesActions.js
FN:8,(anonymous_0)
FN:8,(anonymous_1)
FN:15,(anonymous_2)
FN:15,(anonymous_3)
FN:22,(anonymous_4)
FN:22,(anonymous_5)
FN:29,(anonymous_6)
FN:29,(anonymous_7)
FNF:8
FNH:0
FNDA:0,(anonymous_0)
FNDA:0,(anonymous_1)
FNDA:0,(anonymous_2)
FNDA:0,(anonymous_3)
FNDA:0,(anonymous_4)
FNDA:0,(anonymous_5)
FNDA:0,(anonymous_6)
FNDA:0,(anonymous_7)
DA:8,1
DA:9,0
DA:15,1
DA:16,0
DA:22,1
DA:23,0
DA:29,1
DA:30,0
LF:8
LH:4
BRF:0
BRH:0
end_of_record
TN:
SF:src/Redux/Reducers/devicesReducer.js
FN:12,(anonymous_0)
FN:27,(anonymous_1)
FN:34,(anonymous_2)
FNF:3
FNH:3
FNDA:16,(anonymous_0)
FNDA:1,(anonymous_1)
FNDA:1,(anonymous_2)
DA:8,3
DA:12,3
DA:13,16
DA:15,1
DA:20,0
DA:25,1
DA:28,1
DA:32,1
DA:34,1
DA:37,13
LF:10
LH:9
BRDA:12,0,0,7
BRDA:13,1,0,1
BRDA:13,1,1,0
BRDA:13,1,2,1
BRDA:13,1,3,1
BRDA:13,1,4,13
BRDA:28,2,0,1
BRDA:28,2,1,0
BRF:8
BRH:6
end_of_record
TN:
SF:src/Screens/DeviceDetail.js
FN:26,(anonymous_0)
FN:45,(anonymous_1)
FN:53,(anonymous_2)
FN:56,(anonymous_3)
FN:60,(anonymous_4)
FN:65,(anonymous_5)
FN:69,(anonymous_6)
FN:71,(anonymous_7)
FN:74,(anonymous_8)
FN:80,(anonymous_9)
FN:81,(anonymous_10)
FN:97,(anonymous_11)
FN:106,(anonymous_12)
FN:115,(anonymous_13)
FN:124,(anonymous_14)
FN:159,(anonymous_15)
FN:212,(anonymous_16)
FNF:17
FNH:6
FNDA:11,(anonymous_0)
FNDA:5,(anonymous_1)
FNDA:8,(anonymous_2)
FNDA:8,(anonymous_3)
FNDA:0,(anonymous_4)
FNDA:0,(anonymous_5)
FNDA:0,(anonymous_6)
FNDA:0,(anonymous_7)
FNDA:0,(anonymous_8)
FNDA:0,(anonymous_9)
FNDA:0,(anonymous_10)
FNDA:0,(anonymous_11)
FNDA:0,(anonymous_12)
FNDA:0,(anonymous_13)
FNDA:0,(anonymous_14)
FNDA:11,(anonymous_15)
FNDA:5,(anonymous_16)
DA:26,1
DA:33,11
DA:34,11
DA:35,11
DA:36,11
DA:37,11
DA:45,11
DA:46,5
DA:47,3
DA:48,2
DA:49,0
DA:53,11
DA:54,8
DA:56,11
DA:57,8
DA:60,11
DA:61,0
DA:62,0
DA:65,11
DA:66,0
DA:69,11
DA:70,0
DA:71,0
DA:72,0
DA:73,0
DA:74,0
DA:80,11
DA:81,0
DA:87,11
DA:97,0
DA:106,0
DA:115,0
DA:124,0
DA:159,1
DA:160,11
DA:212,1
DA:213,5
LF:37
LH:23
BRDA:46,0,0,3
BRDA:46,0,1,2
BRDA:48,1,0,0
BRDA:48,1,1,2
BRDA:54,2,0,8
BRDA:54,2,1,3
BRDA:54,2,2,3
BRDA:61,3,0,0
BRDA:61,3,1,0
BRDA:72,4,0,0
BRDA:72,4,1,0
BRDA:130,5,0,11
BRDA:130,5,1,9
BRDA:142,6,0,3
BRDA:142,6,1,8
BRDA:144,7,0,9
BRDA:144,7,1,2
BRDA:147,8,0,11
BRDA:147,8,1,2
BRF:19
BRH:14
end_of_record
TN:
SF:src/Screens/DeviceList.js
FN:17,(anonymous_0)
FN:21,(anonymous_1)
FN:25,(anonymous_2)
FN:27,(anonymous_3)
FN:35,(anonymous_4)
FN:39,(anonymous_5)
FN:44,(anonymous_6)
FN:46,(anonymous_7)
FN:50,(anonymous_8)
FN:113,(anonymous_9)
FN:124,(anonymous_10)
FN:163,(anonymous_11)
FN:244,(anonymous_12)
FNF:13
FNH:10
FNDA:10,(anonymous_0)
FNDA:0,(anonymous_1)
FNDA:10,(anonymous_2)
FNDA:0,(anonymous_3)
FNDA:1,(anonymous_4)
FNDA:1,(anonymous_5)
FNDA:8,(anonymous_6)
FNDA:1,(anonymous_7)
FNDA:2,(anonymous_8)
FNDA:8,(anonymous_9)
FNDA:0,(anonymous_10)
FNDA:10,(anonymous_11)
FNDA:7,(anonymous_12)
DA:17,1
DA:18,10
DA:19,10
DA:21,10
DA:22,0
DA:25,10
DA:26,10
DA:28,0
DA:35,10
DA:36,1
DA:39,10
DA:40,1
DA:43,10
DA:45,8
DA:46,8
DA:47,1
DA:50,8
DA:51,2
DA:54,8
DA:108,10
DA:113,8
DA:125,0
DA:126,0
DA:163,1
DA:164,10
DA:244,1
DA:245,7
LF:27
LH:23
BRDA:79,0,0,8
BRDA:79,0,1,8
BRF:2
BRH:2
end_of_record
