TN:
SF:jest/test-utils.js
FN:10,render
FN:16,Wrapper
FNF:2
FNH:2
FNDA:12,render
FNDA:12,Wrapper
DA:11,12
DA:17,12
DA:25,12
LF:3
LH:3
BRDA:18,0,0,12
BRDA:18,0,1,12
BRF:2
BRH:2
end_of_record
TN:
SF:src/Constants/ActionTypes.js
FNF:0
FNH:0
DA:1,3
DA:2,3
DA:3,3
LF:3
LH:3
BRF:0
BRH:0
end_of_record
TN:
SF:src/Reducers/devicesReducer.js
FN:7,(anonymous_0)
FN:17,(anonymous_1)
FN:24,(anonymous_2)
FNF:3
FNH:3
FNDA:16,(anonymous_0)
FNDA:1,(anonymous_1)
FNDA:1,(anonymous_2)
DA:3,3
DA:7,3
DA:8,16
DA:10,1
DA:15,1
DA:18,1
DA:22,1
DA:24,1
DA:27,13
LF:9
LH:9
BRDA:7,0,0,7
BRDA:8,1,0,1
BRDA:8,1,1,1
BRDA:8,1,2,1
BRDA:8,1,3,13
BRDA:18,2,0,1
BRDA:18,2,1,0
BRF:7
BRH:6
end_of_record
TN:
SF:src/Screens/DeviceDetail.js
FN:22,(anonymous_0)
FN:40,(anonymous_1)
FN:48,(anonymous_2)
FN:51,(anonymous_3)
FN:55,(anonymous_4)
FN:60,(anonymous_5)
FN:64,(anonymous_6)
FN:66,(anonymous_7)
FN:69,(anonymous_8)
FN:75,(anonymous_9)
FN:76,(anonymous_10)
FN:92,(anonymous_11)
FN:101,(anonymous_12)
FN:110,(anonymous_13)
FN:119,(anonymous_14)
FN:154,(anonymous_15)
FN:207,(anonymous_16)
FNF:17
FNH:6
FNDA:11,(anonymous_0)
FNDA:5,(anonymous_1)
FNDA:8,(anonymous_2)
FNDA:8,(anonymous_3)
FNDA:0,(anonymous_4)
FNDA:0,(anonymous_5)
FNDA:0,(anonymous_6)
FNDA:0,(anonymous_7)
FNDA:0,(anonymous_8)
FNDA:0,(anonymous_9)
FNDA:0,(anonymous_10)
FNDA:0,(anonymous_11)
FNDA:0,(anonymous_12)
FNDA:0,(anonymous_13)
FNDA:0,(anonymous_14)
FNDA:11,(anonymous_15)
FNDA:5,(anonymous_16)
DA:22,1
DA:29,11
DA:30,11
DA:31,11
DA:32,11
DA:33,11
DA:40,11
DA:41,5
DA:42,3
DA:43,2
DA:44,0
DA:48,11
DA:49,8
DA:51,11
DA:52,8
DA:55,11
DA:56,0
DA:57,0
DA:60,11
DA:61,0
DA:64,11
DA:65,0
DA:66,0
DA:67,0
DA:68,0
DA:69,0
DA:75,11
DA:76,0
DA:82,11
DA:92,0
DA:101,0
DA:110,0
DA:119,0
DA:154,1
DA:155,11
DA:207,1
DA:208,5
LF:37
LH:23
BRDA:41,0,0,3
BRDA:41,0,1,2
BRDA:43,1,0,0
BRDA:43,1,1,2
BRDA:49,2,0,8
BRDA:49,2,1,3
BRDA:49,2,2,3
BRDA:56,3,0,0
BRDA:56,3,1,0
BRDA:67,4,0,0
BRDA:67,4,1,0
BRDA:125,5,0,11
BRDA:125,5,1,9
BRDA:137,6,0,3
BRDA:137,6,1,8
BRDA:139,7,0,9
BRDA:139,7,1,2
BRDA:142,8,0,11
BRDA:142,8,1,2
BRF:19
BRH:14
end_of_record
